127.0.0.1 - - [09/Mar/2015:03:43:49 +0000] "GET /p/users/queryAll HTTP/1.1" 200 66 "-" "Mozilla/5.0 (Windows NT 6.1; WOW64) AppleWebKit/537.36 (KHTML, like Gecko) Chrome/40.0.2214.115 Safari/537.36"
127.0.0.1 - - [09/Mar/2015:03:47:52 +0000] "GET /p/users/queryAll HTTP/1.1" 200 66 "-" "Mozilla/5.0 (Windows NT 6.1; WOW64) AppleWebKit/537.36 (KHTML, like Gecko) Chrome/40.0.2214.115 Safari/537.36"
127.0.0.1 - - [09/Mar/2015:13:30:55 +0000] "GET /p/users/ HTTP/1.1" 304 - "-" "Mozilla/5.0 (Windows NT 6.1; WOW64) AppleWebKit/537.36 (KHTML, like Gecko) Chrome/40.0.2214.115 Safari/537.36"
127.0.0.1 - - [09/Mar/2015:13:31:35 +0000] "POST /p/users/updateUser HTTP/1.1" 200 415 "http://localhost:3000/p/users/" "Mozilla/5.0 (Windows NT 6.1; WOW64) AppleWebKit/537.36 (KHTML, like Gecko) Chrome/40.0.2214.115 Safari/537.36"
127.0.0.1 - - [09/Mar/2015:13:31:44 +0000] "GET /p/users/ HTTP/1.1" 304 - "-" "Mozilla/5.0 (Windows NT 6.1; WOW64) AppleWebKit/537.36 (KHTML, like Gecko) Chrome/40.0.2214.115 Safari/537.36"
::1 - - [17/Jul/2017:15:07:55 +0000] "GET /users/addUser?name=xyz&age=18 HTTP/1.1" 404 1307 "-" "Mozilla/5.0 (Windows NT 6.1; Win64; x64) AppleWebKit/537.36 (KHTML, like Gecko) Chrome/58.0.3029.110 Safari/537.36"
::1 - - [17/Jul/2017:15:10:55 +0000] "GET /p/users/addUser?name=XXX&age=12 HTTP/1.1" 200 33 "-" "Mozilla/5.0 (Windows NT 6.1; Win64; x64) AppleWebKit/537.36 (KHTML, like Gecko) Chrome/58.0.3029.110 Safari/537.36"
::1 - - [22/Jul/2017:08:09:47 +0000] "GET /p/users/addApplication?fw_name=1&fw_ip.192.168.0.1&fw_account=1&fw_psw=1&fw_location=1&fw_ext=1 HTTP/1.1" 200 33 "-" "Mozilla/5.0 (Windows NT 6.1; Win64; x64) AppleWebKit/537.36 (KHTML, like Gecko) Chrome/58.0.3029.110 Safari/537.36"
::1 - - [22/Jul/2017:08:09:47 +0000] "GET /favicon.ico HTTP/1.1" 404 1307 "http://localhost:3000/p/users/addApplication?fw_name=1&fw_ip.192.168.0.1&fw_account=1&fw_psw=1&fw_location=1&fw_ext=1" "Mozilla/5.0 (Windows NT 6.1; Win64; x64) AppleWebKit/537.36 (KHTML, like Gecko) Chrome/58.0.3029.110 Safari/537.36"
::1 - - [23/Jul/2017:03:35:39 +0000] "GET /p/users/addApplication?fw_name=1&fw_ip.192.168.0.1&fw_account=1&fw_psw=1&fw_location=1&fw_ext=1 HTTP/1.1" 304 - "-" "Mozilla/5.0 (Windows NT 6.1; Win64; x64) AppleWebKit/537.36 (KHTML, like Gecko) Chrome/58.0.3029.110 Safari/537.36"
::1 - - [23/Jul/2017:03:35:40 +0000] "GET /favicon.ico HTTP/1.1" 404 1307 "http://localhost:3000/p/users/addApplication?fw_name=1&fw_ip.192.168.0.1&fw_account=1&fw_psw=1&fw_location=1&fw_ext=1" "Mozilla/5.0 (Windows NT 6.1; Win64; x64) AppleWebKit/537.36 (KHTML, like Gecko) Chrome/58.0.3029.110 Safari/537.36"
::1 - - [23/Jul/2017:03:52:56 +0000] "GET /p/users/addApplication?fw_name=1&fw_ip.192.168.0.1&fw_account=1&fw_psw=1&fw_location=1&fw_ext=1 HTTP/1.1" 304 - "-" "Mozilla/5.0 (Windows NT 6.1; Win64; x64) AppleWebKit/537.36 (KHTML, like Gecko) Chrome/58.0.3029.110 Safari/537.36"
::1 - - [23/Jul/2017:03:55:51 +0000] "GET /p/users/addApplication?fw_name=1&fw_ip.192.168.0.1&fw_account=1&fw_psw=1&fw_location=1&fw_ext=1 HTTP/1.1" 304 - "-" "Mozilla/5.0 (Windows NT 6.1; Win64; x64) AppleWebKit/537.36 (KHTML, like Gecko) Chrome/58.0.3029.110 Safari/537.36"
::1 - - [23/Jul/2017:03:56:10 +0000] "GET /p/users/addApplication?fw_name=1&fw_ip.192.168.0.1&fw_account=1&fw_psw=1&fw_location=1&fw_ext=1 HTTP/1.1" 304 - "-" "Mozilla/5.0 (Windows NT 6.1; Win64; x64) AppleWebKit/537.36 (KHTML, like Gecko) Chrome/58.0.3029.110 Safari/537.36"
::1 - - [23/Jul/2017:08:21:14 +0000] "GET /p/users/addApplication?fw_name=1&fw_ip.192.168.0.1&fw_account=1&fw_psw=1&fw_location=1&fw_ext=1 HTTP/1.1" 304 - "-" "Mozilla/5.0 (Windows NT 6.1; Win64; x64) AppleWebKit/537.36 (KHTML, like Gecko) Chrome/58.0.3029.110 Safari/537.36"
::1 - - [23/Jul/2017:08:21:15 +0000] "GET /favicon.ico HTTP/1.1" 404 1307 "http://localhost:3000/p/users/addApplication?fw_name=1&fw_ip.192.168.0.1&fw_account=1&fw_psw=1&fw_location=1&fw_ext=1" "Mozilla/5.0 (Windows NT 6.1; Win64; x64) AppleWebKit/537.36 (KHTML, like Gecko) Chrome/58.0.3029.110 Safari/537.36"
::ffff:127.0.0.1 - - [27/Jul/2017:09:28:06 +0000] "GET /p/users/addApplication?fw_name=2&fw_ip=192.168.0.2&fw_account=3&fw_psw=2&fw_location=2&fw_ext=2 HTTP/1.1" 200 33 "-" "Mozilla/5.0 (Macintosh; Intel Mac OS X 10_12_5) AppleWebKit/537.36 (KHTML, like Gecko) Chrome/59.0.3071.115 Safari/537.36"
::ffff:127.0.0.1 - - [27/Jul/2017:09:28:06 +0000] "GET /favicon.ico HTTP/1.1" 404 1257 "http://127.0.0.1:3000/p/users/addApplication?fw_name=2&fw_ip=192.168.0.2&fw_account=3&fw_psw=2&fw_location=2&fw_ext=2" "Mozilla/5.0 (Macintosh; Intel Mac OS X 10_12_5) AppleWebKit/537.36 (KHTML, like Gecko) Chrome/59.0.3071.115 Safari/537.36"
::1 - - [28/Jul/2017:02:50:18 +0000] "GET /p/users/deleteFirewall?fw_id=3 HTTP/1.1" 200 33 "-" "Mozilla/5.0 (Macintosh; Intel Mac OS X 10_12_5) AppleWebKit/537.36 (KHTML, like Gecko) Chrome/59.0.3071.115 Safari/537.36"
::1 - - [28/Jul/2017:02:50:18 +0000] "GET /favicon.ico HTTP/1.1" 404 1257 "http://localhost:3000/p/users/deleteFirewall?fw_id=3" "Mozilla/5.0 (Macintosh; Intel Mac OS X 10_12_5) AppleWebKit/537.36 (KHTML, like Gecko) Chrome/59.0.3071.115 Safari/537.36"
::1 - - [28/Jul/2017:02:51:02 +0000] "GET /p/users/addFirewall?fw_name=1&fw_ip=192.168.0.1&fw_account=1&fw_psw=1&fw_location=1&fw_ext=1 HTTP/1.1" 200 33 "-" "Mozilla/5.0 (Macintosh; Intel Mac OS X 10_12_5) AppleWebKit/537.36 (KHTML, like Gecko) Chrome/59.0.3071.115 Safari/537.36"
::1 - - [28/Jul/2017:02:51:38 +0000] "GET /p/users/addFirewall?fw_name=1&fw_ip=192.168.0.1&fw_account=1&fw_psw=1&fw_location=1&fw_ext=1 HTTP/1.1" 304 - "-" "Mozilla/5.0 (Macintosh; Intel Mac OS X 10_12_5) AppleWebKit/537.36 (KHTML, like Gecko) Chrome/59.0.3071.115 Safari/537.36"
::1 - - [28/Jul/2017:04:37:16 +0000] "GET /p/users/addApplication?app_name=1&app_manager_name=1&app_manager_tel=1&app_status=1&app_ext=1 HTTP/1.1" 404 1257 "-" "Mozilla/5.0 (Macintosh; Intel Mac OS X 10_12_5) AppleWebKit/537.36 (KHTML, like Gecko) Chrome/59.0.3071.115 Safari/537.36"
::1 - - [28/Jul/2017:04:38:31 +0000] "GET /p/application%C3%9F/addApplication?app_name=1&app_manager_name=1&app_manager_tel=1&app_status=1&app_ext=1 HTTP/1.1" 404 1257 "-" "Mozilla/5.0 (Macintosh; Intel Mac OS X 10_12_5) AppleWebKit/537.36 (KHTML, like Gecko) Chrome/59.0.3071.115 Safari/537.36"
::1 - - [28/Jul/2017:04:38:45 +0000] "GET /p/application/addApplication?app_name=1&app_manager_name=1&app_manager_tel=1&app_status=1&app_ext=1 HTTP/1.1" 200 33 "-" "Mozilla/5.0 (Macintosh; Intel Mac OS X 10_12_5) AppleWebKit/537.36 (KHTML, like Gecko) Chrome/59.0.3071.115 Safari/537.36"
::1 - - [28/Jul/2017:04:43:19 +0000] "GET /p/application/deleteApplication?app_id=3 HTTP/1.1" 200 33 "-" "Mozilla/5.0 (Macintosh; Intel Mac OS X 10_12_5) AppleWebKit/537.36 (KHTML, like Gecko) Chrome/59.0.3071.115 Safari/537.36"
::1 - - [28/Jul/2017:13:42:42 +0000] "POST /p/users HTTP/1.1" 404 1257 "-" "-"
::1 - - [28/Jul/2017:13:44:22 +0000] "POST /p/users/updateFirewall HTTP/1.1" 200 33 "-" "-"
::1 - - [28/Jul/2017:13:55:03 +0000] "GET /p/users/updateFirewall HTTP/1.1" 404 1257 "-" "Mozilla/5.0 (Macintosh; Intel Mac OS X 10_12_5) AppleWebKit/537.36 (KHTML, like Gecko) Chrome/59.0.3071.115 Safari/537.36"
::1 - - [28/Jul/2017:13:55:03 +0000] "GET /favicon.ico HTTP/1.1" 404 1257 "http://localhost:3000/p/users/updateFirewall" "Mozilla/5.0 (Macintosh; Intel Mac OS X 10_12_5) AppleWebKit/537.36 (KHTML, like Gecko) Chrome/59.0.3071.115 Safari/537.36"
::1 - - [28/Jul/2017:13:55:40 +0000] "GET /p/users/updateFirewall HTTP/1.1" 404 1257 "-" "Mozilla/5.0 (Macintosh; Intel Mac OS X 10_12_5) AppleWebKit/537.36 (KHTML, like Gecko) Chrome/59.0.3071.115 Safari/537.36"
::1 - - [28/Jul/2017:13:56:08 +0000] "POST /p/users/updateFirewall HTTP/1.1" 200 33 "-" "-"
::1 - - [28/Jul/2017:13:59:17 +0000] "POST /p/users/updateFirewall HTTP/1.1" 200 415 "-" "-"
::1 - - [28/Jul/2017:14:30:27 +0000] "POST /p/application/updateApplication HTTP/1.1" 200 33 "-" "-"
::1 - - [28/Jul/2017:14:44:43 +0000] "GET /p/application/addApplication?app_name=1&app_manager_name=1&app_manager_tel=1&app_status=1&app_ext=1 HTTP/1.1" 304 - "-" "Mozilla/5.0 (Macintosh; Intel Mac OS X 10_12_5) AppleWebKit/537.36 (KHTML, like Gecko) Chrome/59.0.3071.115 Safari/537.36"
::1 - - [28/Jul/2017:14:52:40 +0000] "POST /p/application/updateApplication HTTP/1.1" 200 415 "-" "-"
::1 - - [29/Jul/2017:06:40:29 +0000] "GET /p/application/query?app_name=ZTE HTTP/1.1" 200 33 "-" "Mozilla/5.0 (Macintosh; Intel Mac OS X 10_12_5) AppleWebKit/537.36 (KHTML, like Gecko) Chrome/59.0.3071.115 Safari/537.36"
::1 - - [29/Jul/2017:06:41:53 +0000] "GET /p/application/query?app_name=ZTE HTTP/1.1" 304 - "-" "Mozilla/5.0 (Macintosh; Intel Mac OS X 10_12_5) AppleWebKit/537.36 (KHTML, like Gecko) Chrome/59.0.3071.115 Safari/537.36"
::1 - - [29/Jul/2017:06:43:13 +0000] "GET /p/application/query?app_name=1 HTTP/1.1" 200 33 "-" "Mozilla/5.0 (Macintosh; Intel Mac OS X 10_12_5) AppleWebKit/537.36 (KHTML, like Gecko) Chrome/59.0.3071.115 Safari/537.36"
::1 - - [29/Jul/2017:06:44:18 +0000] "GET /p/application/queryByAppName?app_name=ZTE HTTP/1.1" 404 1257 "-" "Mozilla/5.0 (Macintosh; Intel Mac OS X 10_12_5) AppleWebKit/537.36 (KHTML, like Gecko) Chrome/59.0.3071.115 Safari/537.36"
::1 - - [29/Jul/2017:06:45:46 +0000] "GET /p/application/queryByAppName?app_name=ZTE HTTP/1.1" 404 1257 "-" "Mozilla/5.0 (Macintosh; Intel Mac OS X 10_12_5) AppleWebKit/537.36 (KHTML, like Gecko) Chrome/59.0.3071.115 Safari/537.36"
::1 - - [29/Jul/2017:06:49:17 +0000] "GET /p/application/queryByAppName?app_name=ZTE HTTP/1.1" 404 1257 "-" "Mozilla/5.0 (Macintosh; Intel Mac OS X 10_12_5) AppleWebKit/537.36 (KHTML, like Gecko) Chrome/59.0.3071.115 Safari/537.36"
::1 - - [29/Jul/2017:06:49:47 +0000] "GET /p/application/queryByAppName?app_name=1 HTTP/1.1" 404 1257 "-" "Mozilla/5.0 (Macintosh; Intel Mac OS X 10_12_5) AppleWebKit/537.36 (KHTML, like Gecko) Chrome/59.0.3071.115 Safari/537.36"
::1 - - [29/Jul/2017:06:54:09 +0000] "GET /p/application/queryByAppName?app_name=1 HTTP/1.1" 404 1257 "-" "Mozilla/5.0 (Macintosh; Intel Mac OS X 10_12_5) AppleWebKit/537.36 (KHTML, like Gecko) Chrome/59.0.3071.115 Safari/537.36"
::1 - - [29/Jul/2017:06:54:13 +0000] "GET /p/application/queryByAppName HTTP/1.1" 404 1257 "-" "Mozilla/5.0 (Macintosh; Intel Mac OS X 10_12_5) AppleWebKit/537.36 (KHTML, like Gecko) Chrome/59.0.3071.115 Safari/537.36"
::1 - - [29/Jul/2017:06:56:26 +0000] "GET /p/application/queryByAppName?app_name=1 HTTP/1.1" 200 33 "-" "Mozilla/5.0 (Macintosh; Intel Mac OS X 10_12_5) AppleWebKit/537.36 (KHTML, like Gecko) Chrome/59.0.3071.115 Safari/537.36"
::1 - - [29/Jul/2017:06:56:29 +0000] "GET /p/application/queryByAppName?app_name=1 HTTP/1.1" 304 - "-" "Mozilla/5.0 (Macintosh; Intel Mac OS X 10_12_5) AppleWebKit/537.36 (KHTML, like Gecko) Chrome/59.0.3071.115 Safari/537.36"
::1 - - [29/Jul/2017:06:56:54 +0000] "GET /p/application/queryByAppName?app_name=1 HTTP/1.1" 304 - "-" "Mozilla/5.0 (Macintosh; Intel Mac OS X 10_12_5) AppleWebKit/537.36 (KHTML, like Gecko) Chrome/59.0.3071.115 Safari/537.36"
::1 - - [29/Jul/2017:06:56:56 +0000] "GET /p/application/queryByAppName?app_name=1 HTTP/1.1" 304 - "-" "Mozilla/5.0 (Macintosh; Intel Mac OS X 10_12_5) AppleWebKit/537.36 (KHTML, like Gecko) Chrome/59.0.3071.115 Safari/537.36"
::1 - - [29/Jul/2017:06:57:05 +0000] "GET /p/application/queryByAppName?app_name=1 HTTP/1.1" 304 - "-" "Mozilla/5.0 (Macintosh; Intel Mac OS X 10_12_5) AppleWebKit/537.36 (KHTML, like Gecko) Chrome/59.0.3071.115 Safari/537.36"
::1 - - [29/Jul/2017:06:58:28 +0000] "GET /p/application/queryByAppName?app_name=1 HTTP/1.1" 200 2 "-" "Mozilla/5.0 (Macintosh; Intel Mac OS X 10_12_5) AppleWebKit/537.36 (KHTML, like Gecko) Chrome/59.0.3071.115 Safari/537.36"
::1 - - [29/Jul/2017:06:59:20 +0000] "GET /p/application/queryByAppName?app_name=1 HTTP/1.1" 304 - "-" "Mozilla/5.0 (Macintosh; Intel Mac OS X 10_12_5) AppleWebKit/537.36 (KHTML, like Gecko) Chrome/59.0.3071.115 Safari/537.36"
::1 - - [29/Jul/2017:06:59:22 +0000] "GET /p/application/queryByAppName?app_name=1 HTTP/1.1" 304 - "-" "Mozilla/5.0 (Macintosh; Intel Mac OS X 10_12_5) AppleWebKit/537.36 (KHTML, like Gecko) Chrome/59.0.3071.115 Safari/537.36"
::1 - - [29/Jul/2017:06:59:34 +0000] "GET /p/application/queryByAppName?app_name=1 HTTP/1.1" 200 2 "-" "Mozilla/5.0 (Macintosh; Intel Mac OS X 10_12_5) AppleWebKit/537.36 (KHTML, like Gecko) Chrome/59.0.3071.115 Safari/537.36"
::1 - - [29/Jul/2017:06:59:44 +0000] "GET /p/application/queryByAppName?app_name=ZTE HTTP/1.1" 200 2 "-" "Mozilla/5.0 (Macintosh; Intel Mac OS X 10_12_5) AppleWebKit/537.36 (KHTML, like Gecko) Chrome/59.0.3071.115 Safari/537.36"
::1 - - [29/Jul/2017:07:00:33 +0000] "GET /p/application/queryByAppName?app_name=55 HTTP/1.1" 200 2 "-" "Mozilla/5.0 (Macintosh; Intel Mac OS X 10_12_5) AppleWebKit/537.36 (KHTML, like Gecko) Chrome/59.0.3071.115 Safari/537.36"
::1 - - [29/Jul/2017:07:01:09 +0000] "GET /p/application/queryByAppName?app_name=55 HTTP/1.1" 200 2 "-" "Mozilla/5.0 (Macintosh; Intel Mac OS X 10_12_5) AppleWebKit/537.36 (KHTML, like Gecko) Chrome/59.0.3071.115 Safari/537.36"
::1 - - [29/Jul/2017:07:01:31 +0000] "GET /p/application/queryByAppName?app_name=55 HTTP/1.1" 200 2 "-" "Mozilla/5.0 (Macintosh; Intel Mac OS X 10_12_5) AppleWebKit/537.36 (KHTML, like Gecko) Chrome/59.0.3071.115 Safari/537.36"
::1 - - [29/Jul/2017:07:02:10 +0000] "GET /p/application/queryByAppName?app_name=55 HTTP/1.1" 200 108 "-" "Mozilla/5.0 (Macintosh; Intel Mac OS X 10_12_5) AppleWebKit/537.36 (KHTML, like Gecko) Chrome/59.0.3071.115 Safari/537.36"
::1 - - [29/Jul/2017:07:02:14 +0000] "GET /p/application/queryByAppName?app_name=ZTE HTTP/1.1" 200 245 "-" "Mozilla/5.0 (Macintosh; Intel Mac OS X 10_12_5) AppleWebKit/537.36 (KHTML, like Gecko) Chrome/59.0.3071.115 Safari/537.36"
::1 - - [29/Jul/2017:07:02:19 +0000] "GET /p/application/queryByAppName?app_name=1 HTTP/1.1" 200 2 "-" "Mozilla/5.0 (Macintosh; Intel Mac OS X 10_12_5) AppleWebKit/537.36 (KHTML, like Gecko) Chrome/59.0.3071.115 Safari/537.36"
::1 - - [29/Jul/2017:07:02:21 +0000] "GET /p/application/queryByAppName?app_name=55 HTTP/1.1" 200 108 "-" "Mozilla/5.0 (Macintosh; Intel Mac OS X 10_12_5) AppleWebKit/537.36 (KHTML, like Gecko) Chrome/59.0.3071.115 Safari/537.36"
::1 - - [29/Jul/2017:07:02:24 +0000] "GET /p/application/queryByAppName?app_name=ZTE HTTP/1.1" 200 245 "-" "Mozilla/5.0 (Macintosh; Intel Mac OS X 10_12_5) AppleWebKit/537.36 (KHTML, like Gecko) Chrome/59.0.3071.115 Safari/537.36"
::1 - - [30/Jul/2017:04:11:24 +0000] "GET /p/application/queryByManagerName?app_manager_name=55 HTTP/1.1" 200 108 "-" "Mozilla/5.0 (Macintosh; Intel Mac OS X 10_12_5) AppleWebKit/537.36 (KHTML, like Gecko) Chrome/59.0.3071.115 Safari/537.36"
::1 - - [30/Jul/2017:07:52:00 +0000] "GET /p/application/queryAll HTTP/1.1" 404 1257 "-" "Mozilla/5.0 (Macintosh; Intel Mac OS X 10_12_5) AppleWebKit/537.36 (KHTML, like Gecko) Chrome/59.0.3071.115 Safari/537.36"
::1 - - [30/Jul/2017:07:53:19 +0000] "GET /p/server/queryAll HTTP/1.1" 404 1257 "-" "Mozilla/5.0 (Macintosh; Intel Mac OS X 10_12_5) AppleWebKit/537.36 (KHTML, like Gecko) Chrome/59.0.3071.115 Safari/537.36"
::1 - - [30/Jul/2017:07:55:42 +0000] "GET /p/server/queryAll HTTP/1.1" 500 1337 "-" "Mozilla/5.0 (Macintosh; Intel Mac OS X 10_12_5) AppleWebKit/537.36 (KHTML, like Gecko) Chrome/59.0.3071.115 Safari/537.36"
::1 - - [30/Jul/2017:07:56:35 +0000] "GET /p/server/queryAll HTTP/1.1" 200 449 "-" "Mozilla/5.0 (Macintosh; Intel Mac OS X 10_12_5) AppleWebKit/537.36 (KHTML, like Gecko) Chrome/59.0.3071.115 Safari/537.36"
::1 - - [31/Jul/2017:02:59:56 +0000] "GET /p/server/queryAll HTTP/1.1" 200 413 "-" "Mozilla/5.0 (Macintosh; Intel Mac OS X 10_12_5) AppleWebKit/537.36 (KHTML, like Gecko) Chrome/59.0.3071.115 Safari/537.36"
::1 - - [31/Jul/2017:11:46:29 +0000] "GET /p/server/queryAll HTTP/1.1" 200 413 "-" "Mozilla/5.0 (Macintosh; Intel Mac OS X 10_12_5) AppleWebKit/537.36 (KHTML, like Gecko) Chrome/59.0.3071.115 Safari/537.36"
